c:\users\meng\desktop\ghosttunnel\ghosttunnel\release\vc140.pdb
c:\users\meng\desktop\ghosttunnel\ghosttunnel\release\mainprocess.obj
c:\users\meng\desktop\ghosttunnel\ghosttunnel\release\action_excutecmd.obj
c:\users\meng\desktop\ghosttunnel\ghosttunnel\release\main.obj
c:\users\meng\desktop\ghosttunnel\ghosttunnel\release\action_sendfile.obj
c:\users\meng\desktop\ghosttunnel\release\ghosttunnel.exe
c:\users\meng\desktop\ghosttunnel\release\ghosttunnel.ipdb
c:\users\meng\desktop\ghosttunnel\release\ghosttunnel.iobj
c:\users\meng\desktop\ghosttunnel\release\ghosttunnel.pdb
e:\wechat files\chenyuan940613\files\v1.3-二合一\v1.3-二合一\被控端\ghosttunnel\release\action_excutecmd.obj
e:\wechat files\chenyuan940613\files\v1.3-二合一\v1.3-二合一\被控端\ghosttunnel\release\action_sendfile.obj
e:\wechat files\chenyuan940613\files\v1.3-二合一\v1.3-二合一\被控端\ghosttunnel\release\main.obj
e:\wechat files\chenyuan940613\files\v1.3-二合一\v1.3-二合一\被控端\ghosttunnel\release\mainprocess.obj
e:\wechat files\chenyuan940613\files\v1.3-二合一\v1.3-二合一\被控端\ghosttunnel\release\vc140.pdb
e:\wechat files\chenyuan940613\files\v1.3-二合一\v1.3-二合一\被控端\release\ghosttunnel.pdb
e:\wechat files\chenyuan940613\files\v1.3-二合一\v1.3-二合一\被控端\release\ghosttunnel.exe
e:\wechat files\chenyuan940613\files\v1.3-二合一\v1.3-二合一\被控端\ghosttunnel\release\ghosttunnel.tlog\cl.command.1.tlog
e:\wechat files\chenyuan940613\files\v1.3-二合一\v1.3-二合一\被控端\ghosttunnel\release\ghosttunnel.tlog\cl.read.1.tlog
e:\wechat files\chenyuan940613\files\v1.3-二合一\v1.3-二合一\被控端\ghosttunnel\release\ghosttunnel.tlog\cl.write.1.tlog
e:\wechat files\chenyuan940613\files\v1.3-二合一\v1.3-二合一\被控端\ghosttunnel\release\ghosttunnel.tlog\link.command.1.tlog
e:\wechat files\chenyuan940613\files\v1.3-二合一\v1.3-二合一\被控端\ghosttunnel\release\ghosttunnel.tlog\link.read.1.tlog
e:\wechat files\chenyuan940613\files\v1.3-二合一\v1.3-二合一\被控端\ghosttunnel\release\ghosttunnel.tlog\link.write.1.tlog
